<?xml version="1.0" encoding="UTF-8"?>
<!-- Generated by org.testng.reporters.JUnitReportReporter -->
<testsuite name="TeacherTest" tests="1" time="0.279" ignored="1" failures="0" timestamp="11 مار 2017 17:47:02 GMT" skipped="0" hostname="h" errors="0">
  <testcase name="createGame" time="0.279" classname="TeacherTest"/>
  <testcase name="Teacher" classname="TeacherTest">
    <skipped/>
  </testcase> <!-- Teacher -->
</testsuite> <!-- TeacherTest -->
